<?xml version="1.0" encoding="UTF-8"?>
<!-- Generated by org.testng.reporters.JUnitReportReporter -->
<testsuite hostname="Bharatesh" failures="0" tests="1" name="com.tyss.FirstCry.TestCase.TYSS_FirstCry_TC001_Test" time="37.540" errors="0" timestamp="2023-02-27T14:54:44 IST" skipped="0">
  <testcase classname="com.tyss.FirstCry.TestCase.TYSS_FirstCry_TC001_Test" name="shopBicycle" time="37.540"/>
  <system-out/>
</testsuite> <!-- com.tyss.FirstCry.TestCase.TYSS_FirstCry_TC001_Test -->
