<?xml version="1.0" encoding="UTF-8"?>
<!-- Generated by org.testng.reporters.JUnitReportReporter -->
<testsuite hostname="Bharatesh" failures="0" tests="1" name="demoAutomation.magento1Test" time="31.861" errors="0" timestamp="2023-02-26T20:07:10 IST" skipped="0">
  <testcase classname="demoAutomation.magento1Test" name="chooseGear" time="31.861"/>
  <system-out/>
</testsuite> <!-- demoAutomation.magento1Test -->
