<?xml version="1.0" encoding="UTF-8"?>
<!-- Generated by org.testng.reporters.JUnitReportReporter -->
<testsuite hostname="Bharatesh" failures="0" tests="1" name="com.tyss.demoScripts.TestCase.TYSS_TC001_Test" time="36.787" errors="0" timestamp="2023-02-24T01:06:42 IST" skipped="0">
  <testcase classname="com.tyss.demoScripts.TestCase.TYSS_TC001_Test" name="buyLaptop" time="36.787"/>
  <system-out/>
</testsuite> <!-- com.tyss.demoScripts.TestCase.TYSS_TC001_Test -->
