<?xml version="1.0" encoding="UTF-8"?>
<!-- Generated by org.testng.reporters.JUnitReportReporter -->
<testsuite hostname="Bharatesh" failures="0" tests="1" name="com.tyss.demoScripts.TestCase.GetExcelData" time="0.453" errors="0" timestamp="2023-04-05T21:14:56 IST" skipped="0">
  <testcase classname="com.tyss.demoScripts.TestCase.GetExcelData" name="getExcelData" time="0.453"/>
  <system-out/>
</testsuite> <!-- com.tyss.demoScripts.TestCase.GetExcelData -->
