<?xml version="1.0" encoding="UTF-8"?>
<!-- Generated by org.testng.reporters.JUnitReportReporter -->
<testsuite hostname="Bharatesh" failures="0" tests="1" name="com.tyss.demoScripts.TestCase.TYSS_TC002_Test" time="42.182" errors="0" timestamp="2023-02-24T15:53:11 IST" skipped="0">
  <testcase classname="com.tyss.demoScripts.TestCase.TYSS_TC002_Test" name="buySunglasses" time="42.182"/>
  <system-out/>
</testsuite> <!-- com.tyss.demoScripts.TestCase.TYSS_TC002_Test -->
