<?xml version="1.0" encoding="UTF-8"?>
<!-- Generated by org.testng.reporters.JUnitReportReporter -->
<testsuite hostname="Bharatesh" failures="0" tests="3" name="com.tyss.demoScripts.TestCase.DemoSelectClassTest" time="7.500" errors="0" timestamp="2023-03-15T18:01:40 IST" skipped="2">
  <testcase classname="com.tyss.demoScripts.TestCase.DemoSelectClassTest" name="handleSlider" time="7.500"/>
  <system-out/>
  <testcase classname="com.tyss.demoScripts.TestCase.DemoSelectClassTest" name="selectTest">
    <skipped/>
  </testcase> <!-- selectTest -->
  <system-out/>
  <testcase classname="com.tyss.demoScripts.TestCase.DemoSelectClassTest" name="datePicker">
    <skipped/>
  </testcase> <!-- datePicker -->
  <system-out/>
</testsuite> <!-- com.tyss.demoScripts.TestCase.DemoSelectClassTest -->
